The target system is: Generic -  - 
The host system is: MSYS - 3.4.5.x86_64 - x86_64
Compiling the C compiler identification source file "CMakeCCompilerId.c" succeeded.
Compiler: /ucrt64/bin/cc.exe 
Build flags: 
Id flags:  

The output was:
0


Compilation of the C compiler identification source "CMakeCCompilerId.c" produced "a.exe"

The C compiler identification is GNU, found in "/c/rrolf/rrolf/Client/build/CMakeFiles/3.25.1/CompilerIdC/a.exe"

Compiling the CXX compiler identification source file "CMakeCXXCompilerId.cpp" succeeded.
Compiler: /ucrt64/bin/CC.exe 
Build flags: 
Id flags:  

The output was:
0


Compilation of the CXX compiler identification source "CMakeCXXCompilerId.cpp" produced "a.exe"

The CXX compiler identification is GNU, found in "/c/rrolf/rrolf/Client/build/CMakeFiles/3.25.1/CompilerIdCXX/a.exe"

Detecting C compiler ABI info compiled with the following output:
Change Dir: /c/rrolf/rrolf/Client/build/CMakeFiles/CMakeScratch/TryCompile-PQuCKK

Run Build Command(s):/usr/bin/make.exe -f Makefile cmTC_a84c5/fast && /usr/bin/make  -f CMakeFiles/cmTC_a84c5.dir/build.make CMakeFiles/cmTC_a84c5.dir/build
make[1]: Entering directory '/c/rrolf/rrolf/Client/build/CMakeFiles/CMakeScratch/TryCompile-PQuCKK'
Building C object CMakeFiles/cmTC_a84c5.dir/CMakeCCompilerABI.c.obj
/ucrt64/bin/cc.exe   -v -o CMakeFiles/cmTC_a84c5.dir/CMakeCCompilerABI.c.obj -c /usr/share/cmake/Modules/CMakeCCompilerABI.c
Using built-in specs.
COLLECT_GCC=C:\msys64\ucrt64\bin\cc.exe
Target: x86_64-w64-mingw32
Configured with: ../gcc-12.2.0/configure --prefix=/ucrt64 --with-local-prefix=/ucrt64/local --build=x86_64-w64-mingw32 --host=x86_64-w64-mingw32 --target=x86_64-w64-mingw32 --with-native-system-header-dir=/ucrt64/include --libexecdir=/ucrt64/lib --enable-bootstrap --enable-checking=release --with-arch=nocona --with-tune=generic --enable-languages=c,lto,c++,fortran,ada,objc,obj-c++,jit --enable-shared --enable-static --enable-libatomic --enable-threads=posix --enable-graphite --enable-fully-dynamic-string --enable-libstdcxx-filesystem-ts --enable-libstdcxx-time --disable-libstdcxx-pch --enable-lto --enable-libgomp --disable-multilib --disable-rpath --disable-win32-registry --disable-nls --disable-werror --disable-symvers --with-libiconv --with-system-zlib --with-gmp=/ucrt64 --with-mpfr=/ucrt64 --with-mpc=/ucrt64 --with-isl=/ucrt64 --with-pkgversion='Rev10, Built by MSYS2 project' --with-bugurl=https://github.com/msys2/MINGW-packages/issues --with-gnu-as --with-gnu-ld --disable-libstdcxx-debug --with-boot-ldflags=-static-libstdc++ --with-stage1-ldflags=-static-libstdc++
Thread model: posix
Supported LTO compression algorithms: zlib zstd
gcc version 12.2.0 (Rev10, Built by MSYS2 project) 
COLLECT_GCC_OPTIONS='-v' '-o' 'CMakeFiles/cmTC_a84c5.dir/CMakeCCompilerABI.c.obj' '-c' '-mtune=generic' '-march=nocona' '-dumpdir' 'CMakeFiles/cmTC_a84c5.dir/'
 C:/msys64/ucrt64/bin/../lib/gcc/x86_64-w64-mingw32/12.2.0/cc1.exe -quiet -v -iprefix C:/msys64/ucrt64/bin/../lib/gcc/x86_64-w64-mingw32/12.2.0/ -D_REENTRANT C:/msys64/usr/share/cmake/Modules/CMakeCCompilerABI.c -quiet -dumpdir CMakeFiles/cmTC_a84c5.dir/ -dumpbase CMakeCCompilerABI.c.c -dumpbase-ext .c -mtune=generic -march=nocona -version -o C:\Users\n0u4e\AppData\Local\Temp\ccDATrng.s
GNU C17 (Rev10, Built by MSYS2 project) version 12.2.0 (x86_64-w64-mingw32)
	compiled by GNU C version 12.2.0, GMP version 6.2.1, MPFR version 4.2.0, MPC version 1.3.1, isl version isl-0.25-GMP

GGC heuristics: --param ggc-min-expand=100 --param ggc-min-heapsize=131072
ignoring nonexistent directory "C:/msys64/ucrt64/bin/../lib/gcc/x86_64-w64-mingw32/12.2.0/../../../../x86_64-w64-mingw32/include"
ignoring duplicate directory "C:/msys64/ucrt64/lib/gcc/../../lib/gcc/x86_64-w64-mingw32/12.2.0/include"
ignoring nonexistent directory "D:/a/msys64/ucrt64/include"
ignoring nonexistent directory "/ucrt64/include"
ignoring duplicate directory "C:/msys64/ucrt64/lib/gcc/../../lib/gcc/x86_64-w64-mingw32/12.2.0/include-fixed"
ignoring nonexistent directory "C:/msys64/ucrt64/lib/gcc/../../lib/gcc/x86_64-w64-mingw32/12.2.0/../../../../x86_64-w64-mingw32/include"
ignoring nonexistent directory "D:/a/msys64/ucrt64/include"
#include "..." search starts here:
#include <...> search starts here:
 C:/msys64/ucrt64/bin/../lib/gcc/x86_64-w64-mingw32/12.2.0/include
 C:/msys64/ucrt64/bin/../lib/gcc/x86_64-w64-mingw32/12.2.0/../../../../include
 C:/msys64/ucrt64/bin/../lib/gcc/x86_64-w64-mingw32/12.2.0/include-fixed
End of search list.
GNU C17 (Rev10, Built by MSYS2 project) version 12.2.0 (x86_64-w64-mingw32)
	compiled by GNU C version 12.2.0, GMP version 6.2.1, MPFR version 4.2.0, MPC version 1.3.1, isl version isl-0.25-GMP

GGC heuristics: --param ggc-min-expand=100 --param ggc-min-heapsize=131072
Compiler executable checksum: eae00ee58b0183d4cd8d9d73cf25938a
COLLECT_GCC_OPTIONS='-v' '-o' 'CMakeFiles/cmTC_a84c5.dir/CMakeCCompilerABI.c.obj' '-c' '-mtune=generic' '-march=nocona' '-dumpdir' 'CMakeFiles/cmTC_a84c5.dir/'
 C:/msys64/ucrt64/bin/../lib/gcc/x86_64-w64-mingw32/12.2.0/../../../../x86_64-w64-mingw32/bin/as.exe -v -o CMakeFiles/cmTC_a84c5.dir/CMakeCCompilerABI.c.obj C:\Users\n0u4e\AppData\Local\Temp\ccDATrng.s
GNU assembler version 2.39 (x86_64-w64-mingw32) using BFD version (GNU Binutils) 2.39
COMPILER_PATH=C:/msys64/ucrt64/bin/../lib/gcc/x86_64-w64-mingw32/12.2.0/;C:/msys64/ucrt64/bin/../lib/gcc/;C:/msys64/ucrt64/bin/../lib/gcc/x86_64-w64-mingw32/12.2.0/../../../../x86_64-w64-mingw32/bin/
LIBRARY_PATH=C:/msys64/ucrt64/bin/../lib/gcc/x86_64-w64-mingw32/12.2.0/;C:/msys64/ucrt64/bin/../lib/gcc/;C:/msys64/ucrt64/bin/../lib/gcc/x86_64-w64-mingw32/12.2.0/../../../../x86_64-w64-mingw32/lib/../lib/;C:/msys64/ucrt64/bin/../lib/gcc/x86_64-w64-mingw32/12.2.0/../../../../lib/;C:/msys64/ucrt64/bin/../lib/gcc/x86_64-w64-mingw32/12.2.0/../../../../x86_64-w64-mingw32/lib/;C:/msys64/ucrt64/bin/../lib/gcc/x86_64-w64-mingw32/12.2.0/../../../
COLLECT_GCC_OPTIONS='-v' '-o' 'CMakeFiles/cmTC_a84c5.dir/CMakeCCompilerABI.c.obj' '-c' '-mtune=generic' '-march=nocona' '-dumpdir' 'CMakeFiles/cmTC_a84c5.dir/CMakeCCompilerABI.c.'
Linking C executable cmTC_a84c5
/usr/bin/cmake.exe -E cmake_link_script CMakeFiles/cmTC_a84c5.dir/link.txt --verbose=1
/ucrt64/bin/cc.exe  -v CMakeFiles/cmTC_a84c5.dir/CMakeCCompilerABI.c.obj -o cmTC_a84c5 
Using built-in specs.
COLLECT_GCC=C:\msys64\ucrt64\bin\cc.exe
COLLECT_LTO_WRAPPER=C:/msys64/ucrt64/bin/../lib/gcc/x86_64-w64-mingw32/12.2.0/lto-wrapper.exe
Target: x86_64-w64-mingw32
Configured with: ../gcc-12.2.0/configure --prefix=/ucrt64 --with-local-prefix=/ucrt64/local --build=x86_64-w64-mingw32 --host=x86_64-w64-mingw32 --target=x86_64-w64-mingw32 --with-native-system-header-dir=/ucrt64/include --libexecdir=/ucrt64/lib --enable-bootstrap --enable-checking=release --with-arch=nocona --with-tune=generic --enable-languages=c,lto,c++,fortran,ada,objc,obj-c++,jit --enable-shared --enable-static --enable-libatomic --enable-threads=posix --enable-graphite --enable-fully-dynamic-string --enable-libstdcxx-filesystem-ts --enable-libstdcxx-time --disable-libstdcxx-pch --enable-lto --enable-libgomp --disable-multilib --disable-rpath --disable-win32-registry --disable-nls --disable-werror --disable-symvers --with-libiconv --with-system-zlib --with-gmp=/ucrt64 --with-mpfr=/ucrt64 --with-mpc=/ucrt64 --with-isl=/ucrt64 --with-pkgversion='Rev10, Built by MSYS2 project' --with-bugurl=https://github.com/msys2/MINGW-packages/issues --with-gnu-as --with-gnu-ld --disable-libstdcxx-debug --with-boot-ldflags=-static-libstdc++ --with-stage1-ldflags=-static-libstdc++
Thread model: posix
Supported LTO compression algorithms: zlib zstd
gcc version 12.2.0 (Rev10, Built by MSYS2 project) 
COMPILER_PATH=C:/msys64/ucrt64/bin/../lib/gcc/x86_64-w64-mingw32/12.2.0/;C:/msys64/ucrt64/bin/../lib/gcc/;C:/msys64/ucrt64/bin/../lib/gcc/x86_64-w64-mingw32/12.2.0/../../../../x86_64-w64-mingw32/bin/
LIBRARY_PATH=C:/msys64/ucrt64/bin/../lib/gcc/x86_64-w64-mingw32/12.2.0/;C:/msys64/ucrt64/bin/../lib/gcc/;C:/msys64/ucrt64/bin/../lib/gcc/x86_64-w64-mingw32/12.2.0/../../../../x86_64-w64-mingw32/lib/../lib/;C:/msys64/ucrt64/bin/../lib/gcc/x86_64-w64-mingw32/12.2.0/../../../../lib/;C:/msys64/ucrt64/bin/../lib/gcc/x86_64-w64-mingw32/12.2.0/../../../../x86_64-w64-mingw32/lib/;C:/msys64/ucrt64/bin/../lib/gcc/x86_64-w64-mingw32/12.2.0/../../../
COLLECT_GCC_OPTIONS='-v' '-o' 'cmTC_a84c5.exe' '-mtune=generic' '-march=nocona' '-dumpdir' 'cmTC_a84c5.'
 C:/msys64/ucrt64/bin/../lib/gcc/x86_64-w64-mingw32/12.2.0/collect2.exe -plugin C:/msys64/ucrt64/bin/../lib/gcc/x86_64-w64-mingw32/12.2.0/liblto_plugin.dll -plugin-opt=C:/msys64/ucrt64/bin/../lib/gcc/x86_64-w64-mingw32/12.2.0/lto-wrapper.exe -plugin-opt=-fresolution=C:\Users\n0u4e\AppData\Local\Temp\ccQaziJz.res -plugin-opt=-pass-through=-lmingw32 -plugin-opt=-pass-through=-lgcc -plugin-opt=-pass-through=-lgcc_eh -plugin-opt=-pass-through=-lmoldname -plugin-opt=-pass-through=-lmingwex -plugin-opt=-pass-through=-lmsvcrt -plugin-opt=-pass-through=-lkernel32 -plugin-opt=-pass-through=-lpthread -plugin-opt=-pass-through=-ladvapi32 -plugin-opt=-pass-through=-lshell32 -plugin-opt=-pass-through=-luser32 -plugin-opt=-pass-through=-lkernel32 -plugin-opt=-pass-through=-lmingw32 -plugin-opt=-pass-through=-lgcc -plugin-opt=-pass-through=-lgcc_eh -plugin-opt=-pass-through=-lmoldname -plugin-opt=-pass-through=-lmingwex -plugin-opt=-pass-through=-lmsvcrt -plugin-opt=-pass-through=-lkernel32 -m i386pep -Bdynamic -o cmTC_a84c5.exe C:/msys64/ucrt64/bin/../lib/gcc/x86_64-w64-mingw32/12.2.0/../../../../lib/crt2.o C:/msys64/ucrt64/bin/../lib/gcc/x86_64-w64-mingw32/12.2.0/crtbegin.o -LC:/msys64/ucrt64/bin/../lib/gcc/x86_64-w64-mingw32/12.2.0 -LC:/msys64/ucrt64/bin/../lib/gcc -LC:/msys64/ucrt64/bin/../lib/gcc/x86_64-w64-mingw32/12.2.0/../../../../x86_64-w64-mingw32/lib/../lib -LC:/msys64/ucrt64/bin/../lib/gcc/x86_64-w64-mingw32/12.2.0/../../../../lib -LC:/msys64/ucrt64/bin/../lib/gcc/x86_64-w64-mingw32/12.2.0/../../../../x86_64-w64-mingw32/lib -LC:/msys64/ucrt64/bin/../lib/gcc/x86_64-w64-mingw32/12.2.0/../../.. CMakeFiles/cmTC_a84c5.dir/CMakeCCompilerABI.c.obj -lmingw32 -lgcc -lgcc_eh -lmoldname -lmingwex -lmsvcrt -lkernel32 -lpthread -ladvapi32 -lshell32 -luser32 -lkernel32 -lmingw32 -lgcc -lgcc_eh -lmoldname -lmingwex -lmsvcrt -lkernel32 C:/msys64/ucrt64/bin/../lib/gcc/x86_64-w64-mingw32/12.2.0/../../../../lib/default-manifest.o C:/msys64/ucrt64/bin/../lib/gcc/x86_64-w64-mingw32/12.2.0/crtend.o
COLLECT_GCC_OPTIONS='-v' '-o' 'cmTC_a84c5.exe' '-mtune=generic' '-march=nocona' '-dumpdir' 'cmTC_a84c5.'
make[1]: Leaving directory '/c/rrolf/rrolf/Client/build/CMakeFiles/CMakeScratch/TryCompile-PQuCKK'



Parsed C implicit include dir info from above output: rv=done
  found start of include info
  found start of implicit include info
    add: [C:/msys64/ucrt64/bin/../lib/gcc/x86_64-w64-mingw32/12.2.0/include]
    add: [C:/msys64/ucrt64/bin/../lib/gcc/x86_64-w64-mingw32/12.2.0/../../../../include]
    add: [C:/msys64/ucrt64/bin/../lib/gcc/x86_64-w64-mingw32/12.2.0/include-fixed]
  end of search list found
  skipping relative include dir [C:/msys64/ucrt64/bin/../lib/gcc/x86_64-w64-mingw32/12.2.0/include]
  skipping relative include dir [C:/msys64/ucrt64/bin/../lib/gcc/x86_64-w64-mingw32/12.2.0/../../../../include]
  skipping relative include dir [C:/msys64/ucrt64/bin/../lib/gcc/x86_64-w64-mingw32/12.2.0/include-fixed]
  implicit include dirs: []


Parsed C implicit link information from above output:
  link line regex: [^( *|.*[/\])(ld\.exe|CMAKE_LINK_STARTFILE-NOTFOUND|([^/\]+-)?ld|collect2)[^/\]*( |$)]
  ignore line: [Change Dir: /c/rrolf/rrolf/Client/build/CMakeFiles/CMakeScratch/TryCompile-PQuCKK]
  ignore line: []
  ignore line: [Run Build Command(s):/usr/bin/make.exe -f Makefile cmTC_a84c5/fast && /usr/bin/make  -f CMakeFiles/cmTC_a84c5.dir/build.make CMakeFiles/cmTC_a84c5.dir/build]
  ignore line: [make[1]: Entering directory '/c/rrolf/rrolf/Client/build/CMakeFiles/CMakeScratch/TryCompile-PQuCKK']
  ignore line: [Building C object CMakeFiles/cmTC_a84c5.dir/CMakeCCompilerABI.c.obj]
  ignore line: [/ucrt64/bin/cc.exe   -v -o CMakeFiles/cmTC_a84c5.dir/CMakeCCompilerABI.c.obj -c /usr/share/cmake/Modules/CMakeCCompilerABI.c]
  ignore line: [Using built-in specs.]
  ignore line: [COLLECT_GCC=C:\msys64\ucrt64\bin\cc.exe]
  ignore line: [Target: x86_64-w64-mingw32]
  ignore line: [Configured with: ../gcc-12.2.0/configure --prefix=/ucrt64 --with-local-prefix=/ucrt64/local --build=x86_64-w64-mingw32 --host=x86_64-w64-mingw32 --target=x86_64-w64-mingw32 --with-native-system-header-dir=/ucrt64/include --libexecdir=/ucrt64/lib --enable-bootstrap --enable-checking=release --with-arch=nocona --with-tune=generic --enable-languages=c,lto,c++,fortran,ada,objc,obj-c++,jit --enable-shared --enable-static --enable-libatomic --enable-threads=posix --enable-graphite --enable-fully-dynamic-string --enable-libstdcxx-filesystem-ts --enable-libstdcxx-time --disable-libstdcxx-pch --enable-lto --enable-libgomp --disable-multilib --disable-rpath --disable-win32-registry --disable-nls --disable-werror --disable-symvers --with-libiconv --with-system-zlib --with-gmp=/ucrt64 --with-mpfr=/ucrt64 --with-mpc=/ucrt64 --with-isl=/ucrt64 --with-pkgversion='Rev10, Built by MSYS2 project' --with-bugurl=https://github.com/msys2/MINGW-packages/issues --with-gnu-as --with-gnu-ld --disable-libstdcxx-debug --with-boot-ldflags=-static-libstdc++ --with-stage1-ldflags=-static-libstdc++]
  ignore line: [Thread model: posix]
  ignore line: [Supported LTO compression algorithms: zlib zstd]
  ignore line: [gcc version 12.2.0 (Rev10  Built by MSYS2 project) ]
  ignore line: [COLLECT_GCC_OPTIONS='-v' '-o' 'CMakeFiles/cmTC_a84c5.dir/CMakeCCompilerABI.c.obj' '-c' '-mtune=generic' '-march=nocona' '-dumpdir' 'CMakeFiles/cmTC_a84c5.dir/']
  ignore line: [ C:/msys64/ucrt64/bin/../lib/gcc/x86_64-w64-mingw32/12.2.0/cc1.exe -quiet -v -iprefix C:/msys64/ucrt64/bin/../lib/gcc/x86_64-w64-mingw32/12.2.0/ -D_REENTRANT C:/msys64/usr/share/cmake/Modules/CMakeCCompilerABI.c -quiet -dumpdir CMakeFiles/cmTC_a84c5.dir/ -dumpbase CMakeCCompilerABI.c.c -dumpbase-ext .c -mtune=generic -march=nocona -version -o C:\Users\n0u4e\AppData\Local\Temp\ccDATrng.s]
  ignore line: [GNU C17 (Rev10  Built by MSYS2 project) version 12.2.0 (x86_64-w64-mingw32)]
  ignore line: [	compiled by GNU C version 12.2.0  GMP version 6.2.1  MPFR version 4.2.0  MPC version 1.3.1  isl version isl-0.25-GMP]
  ignore line: []
  ignore line: [GGC heuristics: --param ggc-min-expand=100 --param ggc-min-heapsize=131072]
  ignore line: [ignoring nonexistent directory "C:/msys64/ucrt64/bin/../lib/gcc/x86_64-w64-mingw32/12.2.0/../../../../x86_64-w64-mingw32/include"]
  ignore line: [ignoring duplicate directory "C:/msys64/ucrt64/lib/gcc/../../lib/gcc/x86_64-w64-mingw32/12.2.0/include"]
  ignore line: [ignoring nonexistent directory "D:/a/msys64/ucrt64/include"]
  ignore line: [ignoring nonexistent directory "/ucrt64/include"]
  ignore line: [ignoring duplicate directory "C:/msys64/ucrt64/lib/gcc/../../lib/gcc/x86_64-w64-mingw32/12.2.0/include-fixed"]
  ignore line: [ignoring nonexistent directory "C:/msys64/ucrt64/lib/gcc/../../lib/gcc/x86_64-w64-mingw32/12.2.0/../../../../x86_64-w64-mingw32/include"]
  ignore line: [ignoring nonexistent directory "D:/a/msys64/ucrt64/include"]
  ignore line: [#include "..." search starts here:]
  ignore line: [#include <...> search starts here:]
  ignore line: [ C:/msys64/ucrt64/bin/../lib/gcc/x86_64-w64-mingw32/12.2.0/include]
  ignore line: [ C:/msys64/ucrt64/bin/../lib/gcc/x86_64-w64-mingw32/12.2.0/../../../../include]
  ignore line: [ C:/msys64/ucrt64/bin/../lib/gcc/x86_64-w64-mingw32/12.2.0/include-fixed]
  ignore line: [End of search list.]
  ignore line: [GNU C17 (Rev10  Built by MSYS2 project) version 12.2.0 (x86_64-w64-mingw32)]
  ignore line: [	compiled by GNU C version 12.2.0  GMP version 6.2.1  MPFR version 4.2.0  MPC version 1.3.1  isl version isl-0.25-GMP]
  ignore line: []
  ignore line: [GGC heuristics: --param ggc-min-expand=100 --param ggc-min-heapsize=131072]
  ignore line: [Compiler executable checksum: eae00ee58b0183d4cd8d9d73cf25938a]
  ignore line: [COLLECT_GCC_OPTIONS='-v' '-o' 'CMakeFiles/cmTC_a84c5.dir/CMakeCCompilerABI.c.obj' '-c' '-mtune=generic' '-march=nocona' '-dumpdir' 'CMakeFiles/cmTC_a84c5.dir/']
  ignore line: [ C:/msys64/ucrt64/bin/../lib/gcc/x86_64-w64-mingw32/12.2.0/../../../../x86_64-w64-mingw32/bin/as.exe -v -o CMakeFiles/cmTC_a84c5.dir/CMakeCCompilerABI.c.obj C:\Users\n0u4e\AppData\Local\Temp\ccDATrng.s]
  ignore line: [GNU assembler version 2.39 (x86_64-w64-mingw32) using BFD version (GNU Binutils) 2.39]
  ignore line: [COMPILER_PATH=C:/msys64/ucrt64/bin/../lib/gcc/x86_64-w64-mingw32/12.2.0/]
  ignore line: [C:/msys64/ucrt64/bin/../lib/gcc/]
  ignore line: [C:/msys64/ucrt64/bin/../lib/gcc/x86_64-w64-mingw32/12.2.0/../../../../x86_64-w64-mingw32/bin/]
  ignore line: [LIBRARY_PATH=C:/msys64/ucrt64/bin/../lib/gcc/x86_64-w64-mingw32/12.2.0/]
  ignore line: [C:/msys64/ucrt64/bin/../lib/gcc/]
  ignore line: [C:/msys64/ucrt64/bin/../lib/gcc/x86_64-w64-mingw32/12.2.0/../../../../x86_64-w64-mingw32/lib/../lib/]
  ignore line: [C:/msys64/ucrt64/bin/../lib/gcc/x86_64-w64-mingw32/12.2.0/../../../../lib/]
  ignore line: [C:/msys64/ucrt64/bin/../lib/gcc/x86_64-w64-mingw32/12.2.0/../../../../x86_64-w64-mingw32/lib/]
  ignore line: [C:/msys64/ucrt64/bin/../lib/gcc/x86_64-w64-mingw32/12.2.0/../../../]
  ignore line: [COLLECT_GCC_OPTIONS='-v' '-o' 'CMakeFiles/cmTC_a84c5.dir/CMakeCCompilerABI.c.obj' '-c' '-mtune=generic' '-march=nocona' '-dumpdir' 'CMakeFiles/cmTC_a84c5.dir/CMakeCCompilerABI.c.']
  ignore line: [Linking C executable cmTC_a84c5]
  ignore line: [/usr/bin/cmake.exe -E cmake_link_script CMakeFiles/cmTC_a84c5.dir/link.txt --verbose=1]
  ignore line: [/ucrt64/bin/cc.exe  -v CMakeFiles/cmTC_a84c5.dir/CMakeCCompilerABI.c.obj -o cmTC_a84c5 ]
  ignore line: [Using built-in specs.]
  ignore line: [COLLECT_GCC=C:\msys64\ucrt64\bin\cc.exe]
  ignore line: [COLLECT_LTO_WRAPPER=C:/msys64/ucrt64/bin/../lib/gcc/x86_64-w64-mingw32/12.2.0/lto-wrapper.exe]
  ignore line: [Target: x86_64-w64-mingw32]
  ignore line: [Configured with: ../gcc-12.2.0/configure --prefix=/ucrt64 --with-local-prefix=/ucrt64/local --build=x86_64-w64-mingw32 --host=x86_64-w64-mingw32 --target=x86_64-w64-mingw32 --with-native-system-header-dir=/ucrt64/include --libexecdir=/ucrt64/lib --enable-bootstrap --enable-checking=release --with-arch=nocona --with-tune=generic --enable-languages=c,lto,c++,fortran,ada,objc,obj-c++,jit --enable-shared --enable-static --enable-libatomic --enable-threads=posix --enable-graphite --enable-fully-dynamic-string --enable-libstdcxx-filesystem-ts --enable-libstdcxx-time --disable-libstdcxx-pch --enable-lto --enable-libgomp --disable-multilib --disable-rpath --disable-win32-registry --disable-nls --disable-werror --disable-symvers --with-libiconv --with-system-zlib --with-gmp=/ucrt64 --with-mpfr=/ucrt64 --with-mpc=/ucrt64 --with-isl=/ucrt64 --with-pkgversion='Rev10, Built by MSYS2 project' --with-bugurl=https://github.com/msys2/MINGW-packages/issues --with-gnu-as --with-gnu-ld --disable-libstdcxx-debug --with-boot-ldflags=-static-libstdc++ --with-stage1-ldflags=-static-libstdc++]
  ignore line: [Thread model: posix]
  ignore line: [Supported LTO compression algorithms: zlib zstd]
  ignore line: [gcc version 12.2.0 (Rev10  Built by MSYS2 project) ]
  ignore line: [COMPILER_PATH=C:/msys64/ucrt64/bin/../lib/gcc/x86_64-w64-mingw32/12.2.0/]
  ignore line: [C:/msys64/ucrt64/bin/../lib/gcc/]
  ignore line: [C:/msys64/ucrt64/bin/../lib/gcc/x86_64-w64-mingw32/12.2.0/../../../../x86_64-w64-mingw32/bin/]
  ignore line: [LIBRARY_PATH=C:/msys64/ucrt64/bin/../lib/gcc/x86_64-w64-mingw32/12.2.0/]
  ignore line: [C:/msys64/ucrt64/bin/../lib/gcc/]
  ignore line: [C:/msys64/ucrt64/bin/../lib/gcc/x86_64-w64-mingw32/12.2.0/../../../../x86_64-w64-mingw32/lib/../lib/]
  ignore line: [C:/msys64/ucrt64/bin/../lib/gcc/x86_64-w64-mingw32/12.2.0/../../../../lib/]
  ignore line: [C:/msys64/ucrt64/bin/../lib/gcc/x86_64-w64-mingw32/12.2.0/../../../../x86_64-w64-mingw32/lib/]
  ignore line: [C:/msys64/ucrt64/bin/../lib/gcc/x86_64-w64-mingw32/12.2.0/../../../]
  ignore line: [COLLECT_GCC_OPTIONS='-v' '-o' 'cmTC_a84c5.exe' '-mtune=generic' '-march=nocona' '-dumpdir' 'cmTC_a84c5.']
  link line: [ C:/msys64/ucrt64/bin/../lib/gcc/x86_64-w64-mingw32/12.2.0/collect2.exe -plugin C:/msys64/ucrt64/bin/../lib/gcc/x86_64-w64-mingw32/12.2.0/liblto_plugin.dll -plugin-opt=C:/msys64/ucrt64/bin/../lib/gcc/x86_64-w64-mingw32/12.2.0/lto-wrapper.exe -plugin-opt=-fresolution=C:\Users\n0u4e\AppData\Local\Temp\ccQaziJz.res -plugin-opt=-pass-through=-lmingw32 -plugin-opt=-pass-through=-lgcc -plugin-opt=-pass-through=-lgcc_eh -plugin-opt=-pass-through=-lmoldname -plugin-opt=-pass-through=-lmingwex -plugin-opt=-pass-through=-lmsvcrt -plugin-opt=-pass-through=-lkernel32 -plugin-opt=-pass-through=-lpthread -plugin-opt=-pass-through=-ladvapi32 -plugin-opt=-pass-through=-lshell32 -plugin-opt=-pass-through=-luser32 -plugin-opt=-pass-through=-lkernel32 -plugin-opt=-pass-through=-lmingw32 -plugin-opt=-pass-through=-lgcc -plugin-opt=-pass-through=-lgcc_eh -plugin-opt=-pass-through=-lmoldname -plugin-opt=-pass-through=-lmingwex -plugin-opt=-pass-through=-lmsvcrt -plugin-opt=-pass-through=-lkernel32 -m i386pep -Bdynamic -o cmTC_a84c5.exe C:/msys64/ucrt64/bin/../lib/gcc/x86_64-w64-mingw32/12.2.0/../../../../lib/crt2.o C:/msys64/ucrt64/bin/../lib/gcc/x86_64-w64-mingw32/12.2.0/crtbegin.o -LC:/msys64/ucrt64/bin/../lib/gcc/x86_64-w64-mingw32/12.2.0 -LC:/msys64/ucrt64/bin/../lib/gcc -LC:/msys64/ucrt64/bin/../lib/gcc/x86_64-w64-mingw32/12.2.0/../../../../x86_64-w64-mingw32/lib/../lib -LC:/msys64/ucrt64/bin/../lib/gcc/x86_64-w64-mingw32/12.2.0/../../../../lib -LC:/msys64/ucrt64/bin/../lib/gcc/x86_64-w64-mingw32/12.2.0/../../../../x86_64-w64-mingw32/lib -LC:/msys64/ucrt64/bin/../lib/gcc/x86_64-w64-mingw32/12.2.0/../../.. CMakeFiles/cmTC_a84c5.dir/CMakeCCompilerABI.c.obj -lmingw32 -lgcc -lgcc_eh -lmoldname -lmingwex -lmsvcrt -lkernel32 -lpthread -ladvapi32 -lshell32 -luser32 -lkernel32 -lmingw32 -lgcc -lgcc_eh -lmoldname -lmingwex -lmsvcrt -lkernel32 C:/msys64/ucrt64/bin/../lib/gcc/x86_64-w64-mingw32/12.2.0/../../../../lib/default-manifest.o C:/msys64/ucrt64/bin/../lib/gcc/x86_64-w64-mingw32/12.2.0/crtend.o]
    arg [C:/msys64/ucrt64/bin/../lib/gcc/x86_64-w64-mingw32/12.2.0/collect2.exe] ==> ignore
    arg [-plugin] ==> ignore
    arg [C:/msys64/ucrt64/bin/../lib/gcc/x86_64-w64-mingw32/12.2.0/liblto_plugin.dll] ==> ignore
    arg [-plugin-opt=C:/msys64/ucrt64/bin/../lib/gcc/x86_64-w64-mingw32/12.2.0/lto-wrapper.exe] ==> ignore
    arg [-plugin-opt=-fresolution=C:Usersn0u4eAppDataLocalTempccQaziJz.res] ==> ignore
    arg [-plugin-opt=-pass-through=-lmingw32] ==> ignore
    arg [-plugin-opt=-pass-through=-lgcc] ==> ignore
    arg [-plugin-opt=-pass-through=-lgcc_eh] ==> ignore
    arg [-plugin-opt=-pass-through=-lmoldname] ==> ignore
    arg [-plugin-opt=-pass-through=-lmingwex] ==> ignore
    arg [-plugin-opt=-pass-through=-lmsvcrt] ==> ignore
    arg [-plugin-opt=-pass-through=-lkernel32] ==> ignore
    arg [-plugin-opt=-pass-through=-lpthread] ==> ignore
    arg [-plugin-opt=-pass-through=-ladvapi32] ==> ignore
    arg [-plugin-opt=-pass-through=-lshell32] ==> ignore
    arg [-plugin-opt=-pass-through=-luser32] ==> ignore
    arg [-plugin-opt=-pass-through=-lkernel32] ==> ignore
    arg [-plugin-opt=-pass-through=-lmingw32] ==> ignore
    arg [-plugin-opt=-pass-through=-lgcc] ==> ignore
    arg [-plugin-opt=-pass-through=-lgcc_eh] ==> ignore
    arg [-plugin-opt=-pass-through=-lmoldname] ==> ignore
    arg [-plugin-opt=-pass-through=-lmingwex] ==> ignore
    arg [-plugin-opt=-pass-through=-lmsvcrt] ==> ignore
    arg [-plugin-opt=-pass-through=-lkernel32] ==> ignore
    arg [-m] ==> ignore
    arg [i386pep] ==> ignore
    arg [-Bdynamic] ==> search dynamic
    arg [-o] ==> ignore
    arg [cmTC_a84c5.exe] ==> ignore
    arg [C:/msys64/ucrt64/bin/../lib/gcc/x86_64-w64-mingw32/12.2.0/../../../../lib/crt2.o] ==> obj [C:/msys64/ucrt64/bin/../lib/gcc/x86_64-w64-mingw32/12.2.0/../../../../lib/crt2.o]
    arg [C:/msys64/ucrt64/bin/../lib/gcc/x86_64-w64-mingw32/12.2.0/crtbegin.o] ==> obj [C:/msys64/ucrt64/bin/../lib/gcc/x86_64-w64-mingw32/12.2.0/crtbegin.o]
    arg [-LC:/msys64/ucrt64/bin/../lib/gcc/x86_64-w64-mingw32/12.2.0] ==> dir [C:/msys64/ucrt64/bin/../lib/gcc/x86_64-w64-mingw32/12.2.0]
    arg [-LC:/msys64/ucrt64/bin/../lib/gcc] ==> dir [C:/msys64/ucrt64/bin/../lib/gcc]
    arg [-LC:/msys64/ucrt64/bin/../lib/gcc/x86_64-w64-mingw32/12.2.0/../../../../x86_64-w64-mingw32/lib/../lib] ==> dir [C:/msys64/ucrt64/bin/../lib/gcc/x86_64-w64-mingw32/12.2.0/../../../../x86_64-w64-mingw32/lib/../lib]
    arg [-LC:/msys64/ucrt64/bin/../lib/gcc/x86_64-w64-mingw32/12.2.0/../../../../lib] ==> dir [C:/msys64/ucrt64/bin/../lib/gcc/x86_64-w64-mingw32/12.2.0/../../../../lib]
    arg [-LC:/msys64/ucrt64/bin/../lib/gcc/x86_64-w64-mingw32/12.2.0/../../../../x86_64-w64-mingw32/lib] ==> dir [C:/msys64/ucrt64/bin/../lib/gcc/x86_64-w64-mingw32/12.2.0/../../../../x86_64-w64-mingw32/lib]
    arg [-LC:/msys64/ucrt64/bin/../lib/gcc/x86_64-w64-mingw32/12.2.0/../../..] ==> dir [C:/msys64/ucrt64/bin/../lib/gcc/x86_64-w64-mingw32/12.2.0/../../..]
    arg [CMakeFiles/cmTC_a84c5.dir/CMakeCCompilerABI.c.obj] ==> ignore
    arg [-lmingw32] ==> lib [mingw32]
    arg [-lgcc] ==> lib [gcc]
    arg [-lgcc_eh] ==> lib [gcc_eh]
    arg [-lmoldname] ==> lib [moldname]
    arg [-lmingwex] ==> lib [mingwex]
    arg [-lmsvcrt] ==> lib [msvcrt]
    arg [-lkernel32] ==> lib [kernel32]
    arg [-lpthread] ==> lib [pthread]
    arg [-ladvapi32] ==> lib [advapi32]
    arg [-lshell32] ==> lib [shell32]
    arg [-luser32] ==> lib [user32]
    arg [-lkernel32] ==> lib [kernel32]
    arg [-lmingw32] ==> lib [mingw32]
    arg [-lgcc] ==> lib [gcc]
    arg [-lgcc_eh] ==> lib [gcc_eh]
    arg [-lmoldname] ==> lib [moldname]
    arg [-lmingwex] ==> lib [mingwex]
    arg [-lmsvcrt] ==> lib [msvcrt]
    arg [-lkernel32] ==> lib [kernel32]
    arg [C:/msys64/ucrt64/bin/../lib/gcc/x86_64-w64-mingw32/12.2.0/../../../../lib/default-manifest.o] ==> obj [C:/msys64/ucrt64/bin/../lib/gcc/x86_64-w64-mingw32/12.2.0/../../../../lib/default-manifest.o]
    arg [C:/msys64/ucrt64/bin/../lib/gcc/x86_64-w64-mingw32/12.2.0/crtend.o] ==> obj [C:/msys64/ucrt64/bin/../lib/gcc/x86_64-w64-mingw32/12.2.0/crtend.o]
  remove lib [gcc_eh]
  remove lib [msvcrt]
  remove lib [gcc_eh]
  remove lib [msvcrt]
  collapse library dir [C:/msys64/ucrt64/bin/../lib/gcc/x86_64-w64-mingw32/12.2.0] ==> [C:/msys64/ucrt64/lib/gcc/x86_64-w64-mingw32/12.2.0]
  collapse library dir [C:/msys64/ucrt64/bin/../lib/gcc] ==> [C:/msys64/ucrt64/lib/gcc]
  collapse library dir [C:/msys64/ucrt64/bin/../lib/gcc/x86_64-w64-mingw32/12.2.0/../../../../x86_64-w64-mingw32/lib/../lib] ==> [C:/msys64/ucrt64/x86_64-w64-mingw32/lib]
  collapse library dir [C:/msys64/ucrt64/bin/../lib/gcc/x86_64-w64-mingw32/12.2.0/../../../../lib] ==> [C:/msys64/ucrt64/lib]
  collapse library dir [C:/msys64/ucrt64/bin/../lib/gcc/x86_64-w64-mingw32/12.2.0/../../../../x86_64-w64-mingw32/lib] ==> [C:/msys64/ucrt64/x86_64-w64-mingw32/lib]
  collapse library dir [C:/msys64/ucrt64/bin/../lib/gcc/x86_64-w64-mingw32/12.2.0/../../..] ==> [C:/msys64/ucrt64/lib]
  implicit libs: [mingw32;gcc;moldname;mingwex;kernel32;pthread;advapi32;shell32;user32;kernel32;mingw32;gcc;moldname;mingwex;kernel32]
  implicit objs: [C:/msys64/ucrt64/bin/../lib/gcc/x86_64-w64-mingw32/12.2.0/../../../../lib/crt2.o;C:/msys64/ucrt64/bin/../lib/gcc/x86_64-w64-mingw32/12.2.0/crtbegin.o;C:/msys64/ucrt64/bin/../lib/gcc/x86_64-w64-mingw32/12.2.0/../../../../lib/default-manifest.o;C:/msys64/ucrt64/bin/../lib/gcc/x86_64-w64-mingw32/12.2.0/crtend.o]
  implicit dirs: [C:/msys64/ucrt64/lib/gcc/x86_64-w64-mingw32/12.2.0;C:/msys64/ucrt64/lib/gcc;C:/msys64/ucrt64/x86_64-w64-mingw32/lib;C:/msys64/ucrt64/lib]
  implicit fwks: []


Detecting CXX compiler ABI info compiled with the following output:
Change Dir: /c/rrolf/rrolf/Client/build/CMakeFiles/CMakeScratch/TryCompile-oTVX7C

Run Build Command(s):/usr/bin/make.exe -f Makefile cmTC_55b51/fast && /usr/bin/make  -f CMakeFiles/cmTC_55b51.dir/build.make CMakeFiles/cmTC_55b51.dir/build
make[1]: Entering directory '/c/rrolf/rrolf/Client/build/CMakeFiles/CMakeScratch/TryCompile-oTVX7C'
Building CXX object CMakeFiles/cmTC_55b51.dir/CMakeCXXCompilerABI.cpp.obj
/ucrt64/bin/CC.exe   -v -o CMakeFiles/cmTC_55b51.dir/CMakeCXXCompilerABI.cpp.obj -c /usr/share/cmake/Modules/CMakeCXXCompilerABI.cpp
Using built-in specs.
COLLECT_GCC=C:\msys64\ucrt64\bin\CC.exe
Target: x86_64-w64-mingw32
Configured with: ../gcc-12.2.0/configure --prefix=/ucrt64 --with-local-prefix=/ucrt64/local --build=x86_64-w64-mingw32 --host=x86_64-w64-mingw32 --target=x86_64-w64-mingw32 --with-native-system-header-dir=/ucrt64/include --libexecdir=/ucrt64/lib --enable-bootstrap --enable-checking=release --with-arch=nocona --with-tune=generic --enable-languages=c,lto,c++,fortran,ada,objc,obj-c++,jit --enable-shared --enable-static --enable-libatomic --enable-threads=posix --enable-graphite --enable-fully-dynamic-string --enable-libstdcxx-filesystem-ts --enable-libstdcxx-time --disable-libstdcxx-pch --enable-lto --enable-libgomp --disable-multilib --disable-rpath --disable-win32-registry --disable-nls --disable-werror --disable-symvers --with-libiconv --with-system-zlib --with-gmp=/ucrt64 --with-mpfr=/ucrt64 --with-mpc=/ucrt64 --with-isl=/ucrt64 --with-pkgversion='Rev10, Built by MSYS2 project' --with-bugurl=https://github.com/msys2/MINGW-packages/issues --with-gnu-as --with-gnu-ld --disable-libstdcxx-debug --with-boot-ldflags=-static-libstdc++ --with-stage1-ldflags=-static-libstdc++
Thread model: posix
Supported LTO compression algorithms: zlib zstd
gcc version 12.2.0 (Rev10, Built by MSYS2 project) 
COLLECT_GCC_OPTIONS='-v' '-o' 'CMakeFiles/cmTC_55b51.dir/CMakeCXXCompilerABI.cpp.obj' '-c' '-mtune=generic' '-march=nocona' '-dumpdir' 'CMakeFiles/cmTC_55b51.dir/'
 C:/msys64/ucrt64/bin/../lib/gcc/x86_64-w64-mingw32/12.2.0/cc1plus.exe -quiet -v -iprefix C:/msys64/ucrt64/bin/../lib/gcc/x86_64-w64-mingw32/12.2.0/ -D_REENTRANT C:/msys64/usr/share/cmake/Modules/CMakeCXXCompilerABI.cpp -quiet -dumpdir CMakeFiles/cmTC_55b51.dir/ -dumpbase CMakeCXXCompilerABI.cpp.cpp -dumpbase-ext .cpp -mtune=generic -march=nocona -version -o C:\Users\n0u4e\AppData\Local\Temp\ccHZJOEP.s
GNU C++17 (Rev10, Built by MSYS2 project) version 12.2.0 (x86_64-w64-mingw32)
	compiled by GNU C version 12.2.0, GMP version 6.2.1, MPFR version 4.2.0, MPC version 1.3.1, isl version isl-0.25-GMP

GGC heuristics: --param ggc-min-expand=100 --param ggc-min-heapsize=131072
ignoring nonexistent directory "C:/msys64/ucrt64/bin/../lib/gcc/x86_64-w64-mingw32/12.2.0/../../../../x86_64-w64-mingw32/include"
ignoring duplicate directory "C:/msys64/ucrt64/lib/gcc/../../lib/gcc/x86_64-w64-mingw32/12.2.0/../../../../include/c++/12.2.0"
ignoring duplicate directory "C:/msys64/ucrt64/lib/gcc/../../lib/gcc/x86_64-w64-mingw32/12.2.0/../../../../include/c++/12.2.0/x86_64-w64-mingw32"
ignoring duplicate directory "C:/msys64/ucrt64/lib/gcc/../../lib/gcc/x86_64-w64-mingw32/12.2.0/../../../../include/c++/12.2.0/backward"
ignoring duplicate directory "C:/msys64/ucrt64/lib/gcc/../../lib/gcc/x86_64-w64-mingw32/12.2.0/include"
ignoring nonexistent directory "D:/a/msys64/ucrt64/include"
ignoring nonexistent directory "/ucrt64/include"
ignoring duplicate directory "C:/msys64/ucrt64/lib/gcc/../../lib/gcc/x86_64-w64-mingw32/12.2.0/include-fixed"
ignoring nonexistent directory "C:/msys64/ucrt64/lib/gcc/../../lib/gcc/x86_64-w64-mingw32/12.2.0/../../../../x86_64-w64-mingw32/include"
ignoring nonexistent directory "D:/a/msys64/ucrt64/include"
#include "..." search starts here:
#include <...> search starts here:
 C:/msys64/ucrt64/bin/../lib/gcc/x86_64-w64-mingw32/12.2.0/../../../../include/c++/12.2.0
 C:/msys64/ucrt64/bin/../lib/gcc/x86_64-w64-mingw32/12.2.0/../../../../include/c++/12.2.0/x86_64-w64-mingw32
 C:/msys64/ucrt64/bin/../lib/gcc/x86_64-w64-mingw32/12.2.0/../../../../include/c++/12.2.0/backward
 C:/msys64/ucrt64/bin/../lib/gcc/x86_64-w64-mingw32/12.2.0/include
 C:/msys64/ucrt64/bin/../lib/gcc/x86_64-w64-mingw32/12.2.0/../../../../include
 C:/msys64/ucrt64/bin/../lib/gcc/x86_64-w64-mingw32/12.2.0/include-fixed
End of search list.
GNU C++17 (Rev10, Built by MSYS2 project) version 12.2.0 (x86_64-w64-mingw32)
	compiled by GNU C version 12.2.0, GMP version 6.2.1, MPFR version 4.2.0, MPC version 1.3.1, isl version isl-0.25-GMP

GGC heuristics: --param ggc-min-expand=100 --param ggc-min-heapsize=131072
Compiler executable checksum: f190cdfd331c6e6f63ff50641409bcd4
COLLECT_GCC_OPTIONS='-v' '-o' 'CMakeFiles/cmTC_55b51.dir/CMakeCXXCompilerABI.cpp.obj' '-c' '-mtune=generic' '-march=nocona' '-dumpdir' 'CMakeFiles/cmTC_55b51.dir/'
 C:/msys64/ucrt64/bin/../lib/gcc/x86_64-w64-mingw32/12.2.0/../../../../x86_64-w64-mingw32/bin/as.exe -v -o CMakeFiles/cmTC_55b51.dir/CMakeCXXCompilerABI.cpp.obj C:\Users\n0u4e\AppData\Local\Temp\ccHZJOEP.s
GNU assembler version 2.39 (x86_64-w64-mingw32) using BFD version (GNU Binutils) 2.39
COMPILER_PATH=C:/msys64/ucrt64/bin/../lib/gcc/x86_64-w64-mingw32/12.2.0/;C:/msys64/ucrt64/bin/../lib/gcc/;C:/msys64/ucrt64/bin/../lib/gcc/x86_64-w64-mingw32/12.2.0/../../../../x86_64-w64-mingw32/bin/
LIBRARY_PATH=C:/msys64/ucrt64/bin/../lib/gcc/x86_64-w64-mingw32/12.2.0/;C:/msys64/ucrt64/bin/../lib/gcc/;C:/msys64/ucrt64/bin/../lib/gcc/x86_64-w64-mingw32/12.2.0/../../../../x86_64-w64-mingw32/lib/../lib/;C:/msys64/ucrt64/bin/../lib/gcc/x86_64-w64-mingw32/12.2.0/../../../../lib/;C:/msys64/ucrt64/bin/../lib/gcc/x86_64-w64-mingw32/12.2.0/../../../../x86_64-w64-mingw32/lib/;C:/msys64/ucrt64/bin/../lib/gcc/x86_64-w64-mingw32/12.2.0/../../../
COLLECT_GCC_OPTIONS='-v' '-o' 'CMakeFiles/cmTC_55b51.dir/CMakeCXXCompilerABI.cpp.obj' '-c' '-mtune=generic' '-march=nocona' '-dumpdir' 'CMakeFiles/cmTC_55b51.dir/CMakeCXXCompilerABI.cpp.'
Linking CXX executable cmTC_55b51
/usr/bin/cmake.exe -E cmake_link_script CMakeFiles/cmTC_55b51.dir/link.txt --verbose=1
/ucrt64/bin/CC.exe  -v CMakeFiles/cmTC_55b51.dir/CMakeCXXCompilerABI.cpp.obj -o cmTC_55b51 
Using built-in specs.
COLLECT_GCC=C:\msys64\ucrt64\bin\CC.exe
COLLECT_LTO_WRAPPER=C:/msys64/ucrt64/bin/../lib/gcc/x86_64-w64-mingw32/12.2.0/lto-wrapper.exe
Target: x86_64-w64-mingw32
Configured with: ../gcc-12.2.0/configure --prefix=/ucrt64 --with-local-prefix=/ucrt64/local --build=x86_64-w64-mingw32 --host=x86_64-w64-mingw32 --target=x86_64-w64-mingw32 --with-native-system-header-dir=/ucrt64/include --libexecdir=/ucrt64/lib --enable-bootstrap --enable-checking=release --with-arch=nocona --with-tune=generic --enable-languages=c,lto,c++,fortran,ada,objc,obj-c++,jit --enable-shared --enable-static --enable-libatomic --enable-threads=posix --enable-graphite --enable-fully-dynamic-string --enable-libstdcxx-filesystem-ts --enable-libstdcxx-time --disable-libstdcxx-pch --enable-lto --enable-libgomp --disable-multilib --disable-rpath --disable-win32-registry --disable-nls --disable-werror --disable-symvers --with-libiconv --with-system-zlib --with-gmp=/ucrt64 --with-mpfr=/ucrt64 --with-mpc=/ucrt64 --with-isl=/ucrt64 --with-pkgversion='Rev10, Built by MSYS2 project' --with-bugurl=https://github.com/msys2/MINGW-packages/issues --with-gnu-as --with-gnu-ld --disable-libstdcxx-debug --with-boot-ldflags=-static-libstdc++ --with-stage1-ldflags=-static-libstdc++
Thread model: posix
Supported LTO compression algorithms: zlib zstd
gcc version 12.2.0 (Rev10, Built by MSYS2 project) 
COMPILER_PATH=C:/msys64/ucrt64/bin/../lib/gcc/x86_64-w64-mingw32/12.2.0/;C:/msys64/ucrt64/bin/../lib/gcc/;C:/msys64/ucrt64/bin/../lib/gcc/x86_64-w64-mingw32/12.2.0/../../../../x86_64-w64-mingw32/bin/
LIBRARY_PATH=C:/msys64/ucrt64/bin/../lib/gcc/x86_64-w64-mingw32/12.2.0/;C:/msys64/ucrt64/bin/../lib/gcc/;C:/msys64/ucrt64/bin/../lib/gcc/x86_64-w64-mingw32/12.2.0/../../../../x86_64-w64-mingw32/lib/../lib/;C:/msys64/ucrt64/bin/../lib/gcc/x86_64-w64-mingw32/12.2.0/../../../../lib/;C:/msys64/ucrt64/bin/../lib/gcc/x86_64-w64-mingw32/12.2.0/../../../../x86_64-w64-mingw32/lib/;C:/msys64/ucrt64/bin/../lib/gcc/x86_64-w64-mingw32/12.2.0/../../../
COLLECT_GCC_OPTIONS='-v' '-o' 'cmTC_55b51.exe' '-mtune=generic' '-march=nocona' '-dumpdir' 'cmTC_55b51.'
 C:/msys64/ucrt64/bin/../lib/gcc/x86_64-w64-mingw32/12.2.0/collect2.exe -plugin C:/msys64/ucrt64/bin/../lib/gcc/x86_64-w64-mingw32/12.2.0/liblto_plugin.dll -plugin-opt=C:/msys64/ucrt64/bin/../lib/gcc/x86_64-w64-mingw32/12.2.0/lto-wrapper.exe -plugin-opt=-fresolution=C:\Users\n0u4e\AppData\Local\Temp\ccTLOuFe.res -plugin-opt=-pass-through=-lmingw32 -plugin-opt=-pass-through=-lgcc -plugin-opt=-pass-through=-lgcc_eh -plugin-opt=-pass-through=-lmoldname -plugin-opt=-pass-through=-lmingwex -plugin-opt=-pass-through=-lmsvcrt -plugin-opt=-pass-through=-lkernel32 -plugin-opt=-pass-through=-lpthread -plugin-opt=-pass-through=-ladvapi32 -plugin-opt=-pass-through=-lshell32 -plugin-opt=-pass-through=-luser32 -plugin-opt=-pass-through=-lkernel32 -plugin-opt=-pass-through=-lmingw32 -plugin-opt=-pass-through=-lgcc -plugin-opt=-pass-through=-lgcc_eh -plugin-opt=-pass-through=-lmoldname -plugin-opt=-pass-through=-lmingwex -plugin-opt=-pass-through=-lmsvcrt -plugin-opt=-pass-through=-lkernel32 -m i386pep -Bdynamic -o cmTC_55b51.exe C:/msys64/ucrt64/bin/../lib/gcc/x86_64-w64-mingw32/12.2.0/../../../../lib/crt2.o C:/msys64/ucrt64/bin/../lib/gcc/x86_64-w64-mingw32/12.2.0/crtbegin.o -LC:/msys64/ucrt64/bin/../lib/gcc/x86_64-w64-mingw32/12.2.0 -LC:/msys64/ucrt64/bin/../lib/gcc -LC:/msys64/ucrt64/bin/../lib/gcc/x86_64-w64-mingw32/12.2.0/../../../../x86_64-w64-mingw32/lib/../lib -LC:/msys64/ucrt64/bin/../lib/gcc/x86_64-w64-mingw32/12.2.0/../../../../lib -LC:/msys64/ucrt64/bin/../lib/gcc/x86_64-w64-mingw32/12.2.0/../../../../x86_64-w64-mingw32/lib -LC:/msys64/ucrt64/bin/../lib/gcc/x86_64-w64-mingw32/12.2.0/../../.. CMakeFiles/cmTC_55b51.dir/CMakeCXXCompilerABI.cpp.obj -lmingw32 -lgcc -lgcc_eh -lmoldname -lmingwex -lmsvcrt -lkernel32 -lpthread -ladvapi32 -lshell32 -luser32 -lkernel32 -lmingw32 -lgcc -lgcc_eh -lmoldname -lmingwex -lmsvcrt -lkernel32 C:/msys64/ucrt64/bin/../lib/gcc/x86_64-w64-mingw32/12.2.0/../../../../lib/default-manifest.o C:/msys64/ucrt64/bin/../lib/gcc/x86_64-w64-mingw32/12.2.0/crtend.o
COLLECT_GCC_OPTIONS='-v' '-o' 'cmTC_55b51.exe' '-mtune=generic' '-march=nocona' '-dumpdir' 'cmTC_55b51.'
make[1]: Leaving directory '/c/rrolf/rrolf/Client/build/CMakeFiles/CMakeScratch/TryCompile-oTVX7C'



Parsed CXX implicit include dir info from above output: rv=done
  found start of include info
  found start of implicit include info
    add: [C:/msys64/ucrt64/bin/../lib/gcc/x86_64-w64-mingw32/12.2.0/../../../../include/c++/12.2.0]
    add: [C:/msys64/ucrt64/bin/../lib/gcc/x86_64-w64-mingw32/12.2.0/../../../../include/c++/12.2.0/x86_64-w64-mingw32]
    add: [C:/msys64/ucrt64/bin/../lib/gcc/x86_64-w64-mingw32/12.2.0/../../../../include/c++/12.2.0/backward]
    add: [C:/msys64/ucrt64/bin/../lib/gcc/x86_64-w64-mingw32/12.2.0/include]
    add: [C:/msys64/ucrt64/bin/../lib/gcc/x86_64-w64-mingw32/12.2.0/../../../../include]
    add: [C:/msys64/ucrt64/bin/../lib/gcc/x86_64-w64-mingw32/12.2.0/include-fixed]
  end of search list found
  skipping relative include dir [C:/msys64/ucrt64/bin/../lib/gcc/x86_64-w64-mingw32/12.2.0/../../../../include/c++/12.2.0]
  skipping relative include dir [C:/msys64/ucrt64/bin/../lib/gcc/x86_64-w64-mingw32/12.2.0/../../../../include/c++/12.2.0/x86_64-w64-mingw32]
  skipping relative include dir [C:/msys64/ucrt64/bin/../lib/gcc/x86_64-w64-mingw32/12.2.0/../../../../include/c++/12.2.0/backward]
  skipping relative include dir [C:/msys64/ucrt64/bin/../lib/gcc/x86_64-w64-mingw32/12.2.0/include]
  skipping relative include dir [C:/msys64/ucrt64/bin/../lib/gcc/x86_64-w64-mingw32/12.2.0/../../../../include]
  skipping relative include dir [C:/msys64/ucrt64/bin/../lib/gcc/x86_64-w64-mingw32/12.2.0/include-fixed]
  implicit include dirs: []


Parsed CXX implicit link information from above output:
  link line regex: [^( *|.*[/\])(ld\.exe|CMAKE_LINK_STARTFILE-NOTFOUND|([^/\]+-)?ld|collect2)[^/\]*( |$)]
  ignore line: [Change Dir: /c/rrolf/rrolf/Client/build/CMakeFiles/CMakeScratch/TryCompile-oTVX7C]
  ignore line: []
  ignore line: [Run Build Command(s):/usr/bin/make.exe -f Makefile cmTC_55b51/fast && /usr/bin/make  -f CMakeFiles/cmTC_55b51.dir/build.make CMakeFiles/cmTC_55b51.dir/build]
  ignore line: [make[1]: Entering directory '/c/rrolf/rrolf/Client/build/CMakeFiles/CMakeScratch/TryCompile-oTVX7C']
  ignore line: [Building CXX object CMakeFiles/cmTC_55b51.dir/CMakeCXXCompilerABI.cpp.obj]
  ignore line: [/ucrt64/bin/CC.exe   -v -o CMakeFiles/cmTC_55b51.dir/CMakeCXXCompilerABI.cpp.obj -c /usr/share/cmake/Modules/CMakeCXXCompilerABI.cpp]
  ignore line: [Using built-in specs.]
  ignore line: [COLLECT_GCC=C:\msys64\ucrt64\bin\CC.exe]
  ignore line: [Target: x86_64-w64-mingw32]
  ignore line: [Configured with: ../gcc-12.2.0/configure --prefix=/ucrt64 --with-local-prefix=/ucrt64/local --build=x86_64-w64-mingw32 --host=x86_64-w64-mingw32 --target=x86_64-w64-mingw32 --with-native-system-header-dir=/ucrt64/include --libexecdir=/ucrt64/lib --enable-bootstrap --enable-checking=release --with-arch=nocona --with-tune=generic --enable-languages=c,lto,c++,fortran,ada,objc,obj-c++,jit --enable-shared --enable-static --enable-libatomic --enable-threads=posix --enable-graphite --enable-fully-dynamic-string --enable-libstdcxx-filesystem-ts --enable-libstdcxx-time --disable-libstdcxx-pch --enable-lto --enable-libgomp --disable-multilib --disable-rpath --disable-win32-registry --disable-nls --disable-werror --disable-symvers --with-libiconv --with-system-zlib --with-gmp=/ucrt64 --with-mpfr=/ucrt64 --with-mpc=/ucrt64 --with-isl=/ucrt64 --with-pkgversion='Rev10, Built by MSYS2 project' --with-bugurl=https://github.com/msys2/MINGW-packages/issues --with-gnu-as --with-gnu-ld --disable-libstdcxx-debug --with-boot-ldflags=-static-libstdc++ --with-stage1-ldflags=-static-libstdc++]
  ignore line: [Thread model: posix]
  ignore line: [Supported LTO compression algorithms: zlib zstd]
  ignore line: [gcc version 12.2.0 (Rev10  Built by MSYS2 project) ]
  ignore line: [COLLECT_GCC_OPTIONS='-v' '-o' 'CMakeFiles/cmTC_55b51.dir/CMakeCXXCompilerABI.cpp.obj' '-c' '-mtune=generic' '-march=nocona' '-dumpdir' 'CMakeFiles/cmTC_55b51.dir/']
  ignore line: [ C:/msys64/ucrt64/bin/../lib/gcc/x86_64-w64-mingw32/12.2.0/cc1plus.exe -quiet -v -iprefix C:/msys64/ucrt64/bin/../lib/gcc/x86_64-w64-mingw32/12.2.0/ -D_REENTRANT C:/msys64/usr/share/cmake/Modules/CMakeCXXCompilerABI.cpp -quiet -dumpdir CMakeFiles/cmTC_55b51.dir/ -dumpbase CMakeCXXCompilerABI.cpp.cpp -dumpbase-ext .cpp -mtune=generic -march=nocona -version -o C:\Users\n0u4e\AppData\Local\Temp\ccHZJOEP.s]
  ignore line: [GNU C++17 (Rev10  Built by MSYS2 project) version 12.2.0 (x86_64-w64-mingw32)]
  ignore line: [	compiled by GNU C version 12.2.0  GMP version 6.2.1  MPFR version 4.2.0  MPC version 1.3.1  isl version isl-0.25-GMP]
  ignore line: []
  ignore line: [GGC heuristics: --param ggc-min-expand=100 --param ggc-min-heapsize=131072]
  ignore line: [ignoring nonexistent directory "C:/msys64/ucrt64/bin/../lib/gcc/x86_64-w64-mingw32/12.2.0/../../../../x86_64-w64-mingw32/include"]
  ignore line: [ignoring duplicate directory "C:/msys64/ucrt64/lib/gcc/../../lib/gcc/x86_64-w64-mingw32/12.2.0/../../../../include/c++/12.2.0"]
  ignore line: [ignoring duplicate directory "C:/msys64/ucrt64/lib/gcc/../../lib/gcc/x86_64-w64-mingw32/12.2.0/../../../../include/c++/12.2.0/x86_64-w64-mingw32"]
  ignore line: [ignoring duplicate directory "C:/msys64/ucrt64/lib/gcc/../../lib/gcc/x86_64-w64-mingw32/12.2.0/../../../../include/c++/12.2.0/backward"]
  ignore line: [ignoring duplicate directory "C:/msys64/ucrt64/lib/gcc/../../lib/gcc/x86_64-w64-mingw32/12.2.0/include"]
  ignore line: [ignoring nonexistent directory "D:/a/msys64/ucrt64/include"]
  ignore line: [ignoring nonexistent directory "/ucrt64/include"]
  ignore line: [ignoring duplicate directory "C:/msys64/ucrt64/lib/gcc/../../lib/gcc/x86_64-w64-mingw32/12.2.0/include-fixed"]
  ignore line: [ignoring nonexistent directory "C:/msys64/ucrt64/lib/gcc/../../lib/gcc/x86_64-w64-mingw32/12.2.0/../../../../x86_64-w64-mingw32/include"]
  ignore line: [ignoring nonexistent directory "D:/a/msys64/ucrt64/include"]
  ignore line: [#include "..." search starts here:]
  ignore line: [#include <...> search starts here:]
  ignore line: [ C:/msys64/ucrt64/bin/../lib/gcc/x86_64-w64-mingw32/12.2.0/../../../../include/c++/12.2.0]
  ignore line: [ C:/msys64/ucrt64/bin/../lib/gcc/x86_64-w64-mingw32/12.2.0/../../../../include/c++/12.2.0/x86_64-w64-mingw32]
  ignore line: [ C:/msys64/ucrt64/bin/../lib/gcc/x86_64-w64-mingw32/12.2.0/../../../../include/c++/12.2.0/backward]
  ignore line: [ C:/msys64/ucrt64/bin/../lib/gcc/x86_64-w64-mingw32/12.2.0/include]
  ignore line: [ C:/msys64/ucrt64/bin/../lib/gcc/x86_64-w64-mingw32/12.2.0/../../../../include]
  ignore line: [ C:/msys64/ucrt64/bin/../lib/gcc/x86_64-w64-mingw32/12.2.0/include-fixed]
  ignore line: [End of search list.]
  ignore line: [GNU C++17 (Rev10  Built by MSYS2 project) version 12.2.0 (x86_64-w64-mingw32)]
  ignore line: [	compiled by GNU C version 12.2.0  GMP version 6.2.1  MPFR version 4.2.0  MPC version 1.3.1  isl version isl-0.25-GMP]
  ignore line: []
  ignore line: [GGC heuristics: --param ggc-min-expand=100 --param ggc-min-heapsize=131072]
  ignore line: [Compiler executable checksum: f190cdfd331c6e6f63ff50641409bcd4]
  ignore line: [COLLECT_GCC_OPTIONS='-v' '-o' 'CMakeFiles/cmTC_55b51.dir/CMakeCXXCompilerABI.cpp.obj' '-c' '-mtune=generic' '-march=nocona' '-dumpdir' 'CMakeFiles/cmTC_55b51.dir/']
  ignore line: [ C:/msys64/ucrt64/bin/../lib/gcc/x86_64-w64-mingw32/12.2.0/../../../../x86_64-w64-mingw32/bin/as.exe -v -o CMakeFiles/cmTC_55b51.dir/CMakeCXXCompilerABI.cpp.obj C:\Users\n0u4e\AppData\Local\Temp\ccHZJOEP.s]
  ignore line: [GNU assembler version 2.39 (x86_64-w64-mingw32) using BFD version (GNU Binutils) 2.39]
  ignore line: [COMPILER_PATH=C:/msys64/ucrt64/bin/../lib/gcc/x86_64-w64-mingw32/12.2.0/]
  ignore line: [C:/msys64/ucrt64/bin/../lib/gcc/]
  ignore line: [C:/msys64/ucrt64/bin/../lib/gcc/x86_64-w64-mingw32/12.2.0/../../../../x86_64-w64-mingw32/bin/]
  ignore line: [LIBRARY_PATH=C:/msys64/ucrt64/bin/../lib/gcc/x86_64-w64-mingw32/12.2.0/]
  ignore line: [C:/msys64/ucrt64/bin/../lib/gcc/]
  ignore line: [C:/msys64/ucrt64/bin/../lib/gcc/x86_64-w64-mingw32/12.2.0/../../../../x86_64-w64-mingw32/lib/../lib/]
  ignore line: [C:/msys64/ucrt64/bin/../lib/gcc/x86_64-w64-mingw32/12.2.0/../../../../lib/]
  ignore line: [C:/msys64/ucrt64/bin/../lib/gcc/x86_64-w64-mingw32/12.2.0/../../../../x86_64-w64-mingw32/lib/]
  ignore line: [C:/msys64/ucrt64/bin/../lib/gcc/x86_64-w64-mingw32/12.2.0/../../../]
  ignore line: [COLLECT_GCC_OPTIONS='-v' '-o' 'CMakeFiles/cmTC_55b51.dir/CMakeCXXCompilerABI.cpp.obj' '-c' '-mtune=generic' '-march=nocona' '-dumpdir' 'CMakeFiles/cmTC_55b51.dir/CMakeCXXCompilerABI.cpp.']
  ignore line: [Linking CXX executable cmTC_55b51]
  ignore line: [/usr/bin/cmake.exe -E cmake_link_script CMakeFiles/cmTC_55b51.dir/link.txt --verbose=1]
  ignore line: [/ucrt64/bin/CC.exe  -v CMakeFiles/cmTC_55b51.dir/CMakeCXXCompilerABI.cpp.obj -o cmTC_55b51 ]
  ignore line: [Using built-in specs.]
  ignore line: [COLLECT_GCC=C:\msys64\ucrt64\bin\CC.exe]
  ignore line: [COLLECT_LTO_WRAPPER=C:/msys64/ucrt64/bin/../lib/gcc/x86_64-w64-mingw32/12.2.0/lto-wrapper.exe]
  ignore line: [Target: x86_64-w64-mingw32]
  ignore line: [Configured with: ../gcc-12.2.0/configure --prefix=/ucrt64 --with-local-prefix=/ucrt64/local --build=x86_64-w64-mingw32 --host=x86_64-w64-mingw32 --target=x86_64-w64-mingw32 --with-native-system-header-dir=/ucrt64/include --libexecdir=/ucrt64/lib --enable-bootstrap --enable-checking=release --with-arch=nocona --with-tune=generic --enable-languages=c,lto,c++,fortran,ada,objc,obj-c++,jit --enable-shared --enable-static --enable-libatomic --enable-threads=posix --enable-graphite --enable-fully-dynamic-string --enable-libstdcxx-filesystem-ts --enable-libstdcxx-time --disable-libstdcxx-pch --enable-lto --enable-libgomp --disable-multilib --disable-rpath --disable-win32-registry --disable-nls --disable-werror --disable-symvers --with-libiconv --with-system-zlib --with-gmp=/ucrt64 --with-mpfr=/ucrt64 --with-mpc=/ucrt64 --with-isl=/ucrt64 --with-pkgversion='Rev10, Built by MSYS2 project' --with-bugurl=https://github.com/msys2/MINGW-packages/issues --with-gnu-as --with-gnu-ld --disable-libstdcxx-debug --with-boot-ldflags=-static-libstdc++ --with-stage1-ldflags=-static-libstdc++]
  ignore line: [Thread model: posix]
  ignore line: [Supported LTO compression algorithms: zlib zstd]
  ignore line: [gcc version 12.2.0 (Rev10  Built by MSYS2 project) ]
  ignore line: [COMPILER_PATH=C:/msys64/ucrt64/bin/../lib/gcc/x86_64-w64-mingw32/12.2.0/]
  ignore line: [C:/msys64/ucrt64/bin/../lib/gcc/]
  ignore line: [C:/msys64/ucrt64/bin/../lib/gcc/x86_64-w64-mingw32/12.2.0/../../../../x86_64-w64-mingw32/bin/]
  ignore line: [LIBRARY_PATH=C:/msys64/ucrt64/bin/../lib/gcc/x86_64-w64-mingw32/12.2.0/]
  ignore line: [C:/msys64/ucrt64/bin/../lib/gcc/]
  ignore line: [C:/msys64/ucrt64/bin/../lib/gcc/x86_64-w64-mingw32/12.2.0/../../../../x86_64-w64-mingw32/lib/../lib/]
  ignore line: [C:/msys64/ucrt64/bin/../lib/gcc/x86_64-w64-mingw32/12.2.0/../../../../lib/]
  ignore line: [C:/msys64/ucrt64/bin/../lib/gcc/x86_64-w64-mingw32/12.2.0/../../../../x86_64-w64-mingw32/lib/]
  ignore line: [C:/msys64/ucrt64/bin/../lib/gcc/x86_64-w64-mingw32/12.2.0/../../../]
  ignore line: [COLLECT_GCC_OPTIONS='-v' '-o' 'cmTC_55b51.exe' '-mtune=generic' '-march=nocona' '-dumpdir' 'cmTC_55b51.']
  link line: [ C:/msys64/ucrt64/bin/../lib/gcc/x86_64-w64-mingw32/12.2.0/collect2.exe -plugin C:/msys64/ucrt64/bin/../lib/gcc/x86_64-w64-mingw32/12.2.0/liblto_plugin.dll -plugin-opt=C:/msys64/ucrt64/bin/../lib/gcc/x86_64-w64-mingw32/12.2.0/lto-wrapper.exe -plugin-opt=-fresolution=C:\Users\n0u4e\AppData\Local\Temp\ccTLOuFe.res -plugin-opt=-pass-through=-lmingw32 -plugin-opt=-pass-through=-lgcc -plugin-opt=-pass-through=-lgcc_eh -plugin-opt=-pass-through=-lmoldname -plugin-opt=-pass-through=-lmingwex -plugin-opt=-pass-through=-lmsvcrt -plugin-opt=-pass-through=-lkernel32 -plugin-opt=-pass-through=-lpthread -plugin-opt=-pass-through=-ladvapi32 -plugin-opt=-pass-through=-lshell32 -plugin-opt=-pass-through=-luser32 -plugin-opt=-pass-through=-lkernel32 -plugin-opt=-pass-through=-lmingw32 -plugin-opt=-pass-through=-lgcc -plugin-opt=-pass-through=-lgcc_eh -plugin-opt=-pass-through=-lmoldname -plugin-opt=-pass-through=-lmingwex -plugin-opt=-pass-through=-lmsvcrt -plugin-opt=-pass-through=-lkernel32 -m i386pep -Bdynamic -o cmTC_55b51.exe C:/msys64/ucrt64/bin/../lib/gcc/x86_64-w64-mingw32/12.2.0/../../../../lib/crt2.o C:/msys64/ucrt64/bin/../lib/gcc/x86_64-w64-mingw32/12.2.0/crtbegin.o -LC:/msys64/ucrt64/bin/../lib/gcc/x86_64-w64-mingw32/12.2.0 -LC:/msys64/ucrt64/bin/../lib/gcc -LC:/msys64/ucrt64/bin/../lib/gcc/x86_64-w64-mingw32/12.2.0/../../../../x86_64-w64-mingw32/lib/../lib -LC:/msys64/ucrt64/bin/../lib/gcc/x86_64-w64-mingw32/12.2.0/../../../../lib -LC:/msys64/ucrt64/bin/../lib/gcc/x86_64-w64-mingw32/12.2.0/../../../../x86_64-w64-mingw32/lib -LC:/msys64/ucrt64/bin/../lib/gcc/x86_64-w64-mingw32/12.2.0/../../.. CMakeFiles/cmTC_55b51.dir/CMakeCXXCompilerABI.cpp.obj -lmingw32 -lgcc -lgcc_eh -lmoldname -lmingwex -lmsvcrt -lkernel32 -lpthread -ladvapi32 -lshell32 -luser32 -lkernel32 -lmingw32 -lgcc -lgcc_eh -lmoldname -lmingwex -lmsvcrt -lkernel32 C:/msys64/ucrt64/bin/../lib/gcc/x86_64-w64-mingw32/12.2.0/../../../../lib/default-manifest.o C:/msys64/ucrt64/bin/../lib/gcc/x86_64-w64-mingw32/12.2.0/crtend.o]
    arg [C:/msys64/ucrt64/bin/../lib/gcc/x86_64-w64-mingw32/12.2.0/collect2.exe] ==> ignore
    arg [-plugin] ==> ignore
    arg [C:/msys64/ucrt64/bin/../lib/gcc/x86_64-w64-mingw32/12.2.0/liblto_plugin.dll] ==> ignore
    arg [-plugin-opt=C:/msys64/ucrt64/bin/../lib/gcc/x86_64-w64-mingw32/12.2.0/lto-wrapper.exe] ==> ignore
    arg [-plugin-opt=-fresolution=C:Usersn0u4eAppDataLocalTempccTLOuFe.res] ==> ignore
    arg [-plugin-opt=-pass-through=-lmingw32] ==> ignore
    arg [-plugin-opt=-pass-through=-lgcc] ==> ignore
    arg [-plugin-opt=-pass-through=-lgcc_eh] ==> ignore
    arg [-plugin-opt=-pass-through=-lmoldname] ==> ignore
    arg [-plugin-opt=-pass-through=-lmingwex] ==> ignore
    arg [-plugin-opt=-pass-through=-lmsvcrt] ==> ignore
    arg [-plugin-opt=-pass-through=-lkernel32] ==> ignore
    arg [-plugin-opt=-pass-through=-lpthread] ==> ignore
    arg [-plugin-opt=-pass-through=-ladvapi32] ==> ignore
    arg [-plugin-opt=-pass-through=-lshell32] ==> ignore
    arg [-plugin-opt=-pass-through=-luser32] ==> ignore
    arg [-plugin-opt=-pass-through=-lkernel32] ==> ignore
    arg [-plugin-opt=-pass-through=-lmingw32] ==> ignore
    arg [-plugin-opt=-pass-through=-lgcc] ==> ignore
    arg [-plugin-opt=-pass-through=-lgcc_eh] ==> ignore
    arg [-plugin-opt=-pass-through=-lmoldname] ==> ignore
    arg [-plugin-opt=-pass-through=-lmingwex] ==> ignore
    arg [-plugin-opt=-pass-through=-lmsvcrt] ==> ignore
    arg [-plugin-opt=-pass-through=-lkernel32] ==> ignore
    arg [-m] ==> ignore
    arg [i386pep] ==> ignore
    arg [-Bdynamic] ==> search dynamic
    arg [-o] ==> ignore
    arg [cmTC_55b51.exe] ==> ignore
    arg [C:/msys64/ucrt64/bin/../lib/gcc/x86_64-w64-mingw32/12.2.0/../../../../lib/crt2.o] ==> obj [C:/msys64/ucrt64/bin/../lib/gcc/x86_64-w64-mingw32/12.2.0/../../../../lib/crt2.o]
    arg [C:/msys64/ucrt64/bin/../lib/gcc/x86_64-w64-mingw32/12.2.0/crtbegin.o] ==> obj [C:/msys64/ucrt64/bin/../lib/gcc/x86_64-w64-mingw32/12.2.0/crtbegin.o]
    arg [-LC:/msys64/ucrt64/bin/../lib/gcc/x86_64-w64-mingw32/12.2.0] ==> dir [C:/msys64/ucrt64/bin/../lib/gcc/x86_64-w64-mingw32/12.2.0]
    arg [-LC:/msys64/ucrt64/bin/../lib/gcc] ==> dir [C:/msys64/ucrt64/bin/../lib/gcc]
    arg [-LC:/msys64/ucrt64/bin/../lib/gcc/x86_64-w64-mingw32/12.2.0/../../../../x86_64-w64-mingw32/lib/../lib] ==> dir [C:/msys64/ucrt64/bin/../lib/gcc/x86_64-w64-mingw32/12.2.0/../../../../x86_64-w64-mingw32/lib/../lib]
    arg [-LC:/msys64/ucrt64/bin/../lib/gcc/x86_64-w64-mingw32/12.2.0/../../../../lib] ==> dir [C:/msys64/ucrt64/bin/../lib/gcc/x86_64-w64-mingw32/12.2.0/../../../../lib]
    arg [-LC:/msys64/ucrt64/bin/../lib/gcc/x86_64-w64-mingw32/12.2.0/../../../../x86_64-w64-mingw32/lib] ==> dir [C:/msys64/ucrt64/bin/../lib/gcc/x86_64-w64-mingw32/12.2.0/../../../../x86_64-w64-mingw32/lib]
    arg [-LC:/msys64/ucrt64/bin/../lib/gcc/x86_64-w64-mingw32/12.2.0/../../..] ==> dir [C:/msys64/ucrt64/bin/../lib/gcc/x86_64-w64-mingw32/12.2.0/../../..]
    arg [CMakeFiles/cmTC_55b51.dir/CMakeCXXCompilerABI.cpp.obj] ==> ignore
    arg [-lmingw32] ==> lib [mingw32]
    arg [-lgcc] ==> lib [gcc]
    arg [-lgcc_eh] ==> lib [gcc_eh]
    arg [-lmoldname] ==> lib [moldname]
    arg [-lmingwex] ==> lib [mingwex]
    arg [-lmsvcrt] ==> lib [msvcrt]
    arg [-lkernel32] ==> lib [kernel32]
    arg [-lpthread] ==> lib [pthread]
    arg [-ladvapi32] ==> lib [advapi32]
    arg [-lshell32] ==> lib [shell32]
    arg [-luser32] ==> lib [user32]
    arg [-lkernel32] ==> lib [kernel32]
    arg [-lmingw32] ==> lib [mingw32]
    arg [-lgcc] ==> lib [gcc]
    arg [-lgcc_eh] ==> lib [gcc_eh]
    arg [-lmoldname] ==> lib [moldname]
    arg [-lmingwex] ==> lib [mingwex]
    arg [-lmsvcrt] ==> lib [msvcrt]
    arg [-lkernel32] ==> lib [kernel32]
    arg [C:/msys64/ucrt64/bin/../lib/gcc/x86_64-w64-mingw32/12.2.0/../../../../lib/default-manifest.o] ==> obj [C:/msys64/ucrt64/bin/../lib/gcc/x86_64-w64-mingw32/12.2.0/../../../../lib/default-manifest.o]
    arg [C:/msys64/ucrt64/bin/../lib/gcc/x86_64-w64-mingw32/12.2.0/crtend.o] ==> obj [C:/msys64/ucrt64/bin/../lib/gcc/x86_64-w64-mingw32/12.2.0/crtend.o]
  remove lib [gcc_eh]
  remove lib [msvcrt]
  remove lib [gcc_eh]
  remove lib [msvcrt]
  collapse library dir [C:/msys64/ucrt64/bin/../lib/gcc/x86_64-w64-mingw32/12.2.0] ==> [C:/msys64/ucrt64/lib/gcc/x86_64-w64-mingw32/12.2.0]
  collapse library dir [C:/msys64/ucrt64/bin/../lib/gcc] ==> [C:/msys64/ucrt64/lib/gcc]
  collapse library dir [C:/msys64/ucrt64/bin/../lib/gcc/x86_64-w64-mingw32/12.2.0/../../../../x86_64-w64-mingw32/lib/../lib] ==> [C:/msys64/ucrt64/x86_64-w64-mingw32/lib]
  collapse library dir [C:/msys64/ucrt64/bin/../lib/gcc/x86_64-w64-mingw32/12.2.0/../../../../lib] ==> [C:/msys64/ucrt64/lib]
  collapse library dir [C:/msys64/ucrt64/bin/../lib/gcc/x86_64-w64-mingw32/12.2.0/../../../../x86_64-w64-mingw32/lib] ==> [C:/msys64/ucrt64/x86_64-w64-mingw32/lib]
  collapse library dir [C:/msys64/ucrt64/bin/../lib/gcc/x86_64-w64-mingw32/12.2.0/../../..] ==> [C:/msys64/ucrt64/lib]
  implicit libs: [mingw32;gcc;moldname;mingwex;kernel32;pthread;advapi32;shell32;user32;kernel32;mingw32;gcc;moldname;mingwex;kernel32]
  implicit objs: [C:/msys64/ucrt64/bin/../lib/gcc/x86_64-w64-mingw32/12.2.0/../../../../lib/crt2.o;C:/msys64/ucrt64/bin/../lib/gcc/x86_64-w64-mingw32/12.2.0/crtbegin.o;C:/msys64/ucrt64/bin/../lib/gcc/x86_64-w64-mingw32/12.2.0/../../../../lib/default-manifest.o;C:/msys64/ucrt64/bin/../lib/gcc/x86_64-w64-mingw32/12.2.0/crtend.o]
  implicit dirs: [C:/msys64/ucrt64/lib/gcc/x86_64-w64-mingw32/12.2.0;C:/msys64/ucrt64/lib/gcc;C:/msys64/ucrt64/x86_64-w64-mingw32/lib;C:/msys64/ucrt64/lib]
  implicit fwks: []


